0 info it worked if it ends with ok
1 verbose cli [ '/usr/local/bin/node',
1 verbose cli   '/Users/Martial-One/.npm-packages/bin/npm',
1 verbose cli   'run',
1 verbose cli   'webpack' ]
2 info using npm@3.8.8
3 info using node@v6.2.0
4 verbose run-script [ 'prewebpack', 'webpack', 'postwebpack' ]
5 info lifecycle webpacking@1.0.0~prewebpack: webpacking@1.0.0
6 silly lifecycle webpacking@1.0.0~prewebpack: no script for prewebpack, continuing
7 info lifecycle webpacking@1.0.0~webpack: webpacking@1.0.0
8 verbose lifecycle webpacking@1.0.0~webpack: unsafe-perm in lifecycle true
9 verbose lifecycle webpacking@1.0.0~webpack: PATH: /Users/Martial-One/.npm-packages/lib/node_modules/npm/bin/node-gyp-bin:/Users/Martial-One/Desktop/Coding/webpacking/node_modules/.bin:/usr/local/bin:/Users/Martial-One/Desktop/Coding/android-sdk-macosx/tools:/Users/Martial-One/Desktop/Coding/android-sdk-macosx/platform-tools:/Users/Martial-One/.npm-packages/bin:/Users/Martial-One/.npm-packages/bin:/usr/local/bin::/Users/Martial-One/.npm-packages/bin:/Users/Martial-One/.npm-packages/bin:/usr/local/bin::/Users/Martial-One/.npm-packages/bin:/Users/Martial-One/.npm-packages/bin:~/bin:/usr/local/bin:/usr/bin:/bin:/usr/sbin:/sbin:/usr/local/git/bin:/Users/Martial-One/dev/android-sdk-macosx/tools:/Users/Martial-One/dev/android-sdk-macosx/platform-tools:/Users/Martial-One/Users/Martial-One/Desktop/Coding/android-sdk-macosx/tools:/Users/Martial-One/Users/Martial-One/Desktop/Coding/android-sdk-macosx/platform-tools:/usr/local/go/bin:/bin
10 verbose lifecycle webpacking@1.0.0~webpack: CWD: /Users/Martial-One/Desktop/Coding/webpacking
11 silly lifecycle webpacking@1.0.0~webpack: Args: [ '-c', 'webpack' ]
12 silly lifecycle webpacking@1.0.0~webpack: Returned: code: 255  signal: null
13 info lifecycle webpacking@1.0.0~webpack: Failed to exec webpack script
14 verbose stack Error: webpacking@1.0.0 webpack: `webpack`
14 verbose stack Exit status 255
14 verbose stack     at EventEmitter.<anonymous> (/Users/Martial-One/.npm-packages/lib/node_modules/npm/lib/utils/lifecycle.js:244:16)
14 verbose stack     at emitTwo (events.js:106:13)
14 verbose stack     at EventEmitter.emit (events.js:191:7)
14 verbose stack     at ChildProcess.<anonymous> (/Users/Martial-One/.npm-packages/lib/node_modules/npm/lib/utils/spawn.js:24:14)
14 verbose stack     at emitTwo (events.js:106:13)
14 verbose stack     at ChildProcess.emit (events.js:191:7)
14 verbose stack     at maybeClose (internal/child_process.js:850:16)
14 verbose stack     at Process.ChildProcess._handle.onexit (internal/child_process.js:215:5)
15 verbose pkgid webpacking@1.0.0
16 verbose cwd /Users/Martial-One/Desktop/Coding/webpacking
17 error Darwin 15.6.0
18 error argv "/usr/local/bin/node" "/Users/Martial-One/.npm-packages/bin/npm" "run" "webpack"
19 error node v6.2.0
20 error npm  v3.8.8
21 error code ELIFECYCLE
22 error webpacking@1.0.0 webpack: `webpack`
22 error Exit status 255
23 error Failed at the webpacking@1.0.0 webpack script 'webpack'.
23 error Make sure you have the latest version of node.js and npm installed.
23 error If you do, this is most likely a problem with the webpacking package,
23 error not with npm itself.
23 error Tell the author that this fails on your system:
23 error     webpack
23 error You can get information on how to open an issue for this project with:
23 error     npm bugs webpacking
23 error Or if that isn't available, you can get their info via:
23 error     npm owner ls webpacking
23 error There is likely additional logging output above.
24 verbose exit [ 1, true ]
